<?xml version="1.0" encoding="UTF-8"?>
<!-- Generated by org.testng.reporters.JUnitReportReporter -->
<testsuite hostname="DESKTOP-9S4KNE7" failures="0" tests="1" name="Manager_Creating_customer.Customer_creation" time="10.935" errors="0" timestamp="2023-07-16T13:25:35 IST" skipped="0">
  <testcase classname="Manager_Creating_customer.Customer_creation" name="test" time="10.935"/>
  <system-out/>
</testsuite> <!-- Manager_Creating_customer.Customer_creation -->
