<?xml version="1.0" encoding="UTF-8"?>
<!-- Generated by org.testng.reporters.JUnitReportReporter -->
<testsuite hostname="DESKTOP-9S4KNE7" failures="0" tests="1" name="TS2.TsTest2" time="13.296" errors="0" timestamp="2023-07-26T12:58:42 IST" skipped="0">
  <testcase classname="TS2.TsTest2" name="Test" time="13.296"/>
  <system-out/>
</testsuite> <!-- TS2.TsTest2 -->
