<?xml version="1.0" encoding="UTF-8"?>
<!-- Generated by org.testng.reporters.JUnitReportReporter -->
<testsuite hostname="DESKTOP-9S4KNE7" failures="0" tests="1" name="TS4.TStest4" time="1.970" errors="0" timestamp="2023-08-01T18:54:10 IST" skipped="0">
  <testcase classname="TS4.TStest4" name="test" time="1.970"/>
  <system-out/>
</testsuite> <!-- TS4.TStest4 -->
