<?xml version="1.0" encoding="UTF-8"?>
<!-- Generated by org.testng.reporters.JUnitReportReporter -->
<testsuite hostname="DESKTOP-9S4KNE7" failures="0" tests="1" name="Open_account_functionality.opening_Account_by_manager" time="7.646" errors="0" timestamp="2023-07-18T16:03:28 IST" skipped="0">
  <testcase classname="Open_account_functionality.opening_Account_by_manager" name="test" time="7.646"/>
  <system-out/>
</testsuite> <!-- Open_account_functionality.opening_Account_by_manager -->
