<?xml version="1.0" encoding="UTF-8"?>
<!-- Generated by org.testng.reporters.JUnitReportReporter -->
<testsuite hostname="DESKTOP-9S4KNE7" failures="0" tests="1" name="TS1.TestClass1" time="1.506" errors="0" timestamp="2023-07-26T12:28:33 IST" skipped="0">
  <testcase classname="TS1.TestClass1" name="test" time="1.506"/>
  <system-out/>
</testsuite> <!-- TS1.TestClass1 -->
