<?xml version="1.0" encoding="UTF-8"?>
<!-- Generated by org.testng.reporters.JUnitReportReporter -->
<testsuite hostname="DESKTOP-9S4KNE7" failures="0" tests="1" name="TS6.TStest6" time="2.874" errors="0" timestamp="2023-08-01T20:54:34 IST" skipped="0">
  <testcase classname="TS6.TStest6" name="test" time="2.874"/>
  <system-out/>
</testsuite> <!-- TS6.TStest6 -->
