<?xml version="1.0" encoding="UTF-8"?>
<!-- Generated by org.testng.reporters.JUnitReportReporter -->
<testsuite hostname="DESKTOP-9S4KNE7" failures="0" tests="1" name="TS3.Tstest3" time="1.631" errors="0" timestamp="2023-08-01T18:42:58 IST" skipped="0">
  <testcase classname="TS3.Tstest3" name="test" time="1.631"/>
  <system-out/>
</testsuite> <!-- TS3.Tstest3 -->
