<?xml version="1.0" encoding="UTF-8"?>
<!-- Generated by org.testng.reporters.JUnitReportReporter -->
<testsuite hostname="DESKTOP-9S4KNE7" failures="0" tests="1" name="Checking_Created_Customer_Functionality.checkingforcreateduser" time="1.574" errors="0" timestamp="2023-07-21T22:06:27 IST" skipped="0">
  <testcase classname="Checking_Created_Customer_Functionality.checkingforcreateduser" name="test" time="1.574"/>
  <system-out/>
</testsuite> <!-- Checking_Created_Customer_Functionality.checkingforcreateduser -->
