<?xml version="1.0" encoding="UTF-8"?>
<!-- Generated by org.testng.reporters.JUnitReportReporter -->
<testsuite hostname="DESKTOP-9S4KNE7" failures="0" tests="1" name="TS5.TSTest5" time="1.829" errors="0" timestamp="2023-08-01T20:32:22 IST" skipped="0">
  <testcase classname="TS5.TSTest5" name="test" time="1.829"/>
  <system-out/>
</testsuite> <!-- TS5.TSTest5 -->
