<?xml version="1.0" encoding="UTF-8"?>
<!-- Generated by org.testng.reporters.JUnitReportReporter -->
<testsuite hostname="DESKTOP-9S4KNE7" failures="0" tests="1" name="Login_page.Login_page_Script" time="9.145" errors="0" timestamp="2023-07-16T13:24:26 IST" skipped="0">
  <testcase classname="Login_page.Login_page_Script" name="test" time="9.145"/>
  <system-out/>
</testsuite> <!-- Login_page.Login_page_Script -->
